This file contains any messages produced by compilers while
running configure, to aid debugging if configure makes a mistake.

It was created by libffi configure 3.0.9, which was
generated by GNU Autoconf 2.63.  Invocation command line was

  $ /Users/cderose/Documents/development/coinpost.com/rails/ruby/1.9.1/gems/ffi-1.0.11/ext/ffi_c/libffi/configure --disable-static --with-pic=yes --disable-dependency-tracking --host=

## --------- ##
## Platform. ##
## --------- ##

hostname = Chriss-MacBook-Air.local
uname -m = x86_64
uname -r = 12.4.0
uname -s = Darwin
uname -v = Darwin Kernel Version 12.4.0: Wed May  1 17:57:12 PDT 2013; root:xnu-2050.24.15~1/RELEASE_X86_64

/usr/bin/uname -p = i386
/bin/uname -X     = unknown

/bin/arch              = unknown
/usr/bin/arch -k       = unknown
/usr/convex/getsysinfo = unknown
/usr/bin/hostinfo      = Mach kernel version:
	 Darwin Kernel Version 12.4.0: Wed May  1 17:57:12 PDT 2013; root:xnu-2050.24.15~1/RELEASE_X86_64
Kernel configured for up to 4 processors.
2 processors are physically available.
4 processors are logically available.
Processor type: i486 (Intel 80486)
Processors active: 0 1 2 3
Primary memory available: 4.00 gigabytes
Default processor set: 158 tasks, 830 threads, 4 processors
Load average: 3.30, Mach factor: 1.45
/bin/machine           = unknown
/usr/bin/oslevel       = unknown
/bin/universe          = unknown

PATH: /Users/cderose/.rvm/gems/ruby-1.9.3-p125/bin
PATH: /Users/cderose/.rvm/gems/ruby-1.9.3-p125@global/bin
PATH: /Users/cderose/.rvm/rubies/ruby-1.9.3-p125/bin
PATH: /Users/cderose/.rvm/bin
PATH: /usr/bin
PATH: /bin
PATH: /usr/sbin
PATH: /sbin
PATH: /usr/local/Cellar/fish/1.23.1/bin
PATH: /usr/X11R6/bin
PATH: /usr/local/bin


## ----------- ##
## Core tests. ##
## ----------- ##

configure:2145: checking build system type
configure:2163: result: x86_64-apple-darwin12.4.0
configure:2185: checking host system type
configure:2200: result: x86_64-apple-darwin12.4.0
configure:2222: checking target system type
configure:2237: result: x86_64-apple-darwin12.4.0
configure:2285: checking for a BSD-compatible install
configure:2353: result: /usr/bin/install -c
configure:2364: checking whether build environment is sane
configure:2424: result: yes
configure:2565: checking for a thread-safe mkdir -p
configure:2604: result: ./install-sh -c -d
configure:2617: checking for gawk
configure:2647: result: no
configure:2617: checking for mawk
configure:2647: result: no
configure:2617: checking for nawk
configure:2647: result: no
configure:2617: checking for awk
configure:2633: found /usr/bin/awk
configure:2644: result: awk
configure:2655: checking whether make sets $(MAKE)
configure:2677: result: yes
configure:2815: checking for gcc
configure:2842: result: clang
configure:3074: checking for C compiler version
configure:3082: clang --version >&5
Apple clang version 4.0 (tags/Apple/clang-421.0.57) (based on LLVM 3.1svn)
Target: x86_64-apple-darwin12.4.0
Thread model: posix
configure:3086: $? = 0
configure:3093: clang -v >&5
Apple clang version 4.0 (tags/Apple/clang-421.0.57) (based on LLVM 3.1svn)
Target: x86_64-apple-darwin12.4.0
Thread model: posix
configure:3097: $? = 0
configure:3104: clang -V >&5
clang: error: argument to '-V' is missing (expected 1 value)
clang: error: no input files
configure:3108: $? = 1
configure:3131: checking for C compiler default output file name
configure:3153: clang    conftest.c  >&5
configure:3157: $? = 0
configure:3195: result: a.out
configure:3214: checking whether the C compiler works
configure:3224: ./a.out
configure:3228: $? = 0
configure:3247: result: yes
configure:3254: checking whether we are cross compiling
configure:3256: result: no
configure:3259: checking for suffix of executables
configure:3266: clang -o conftest    conftest.c  >&5
configure:3270: $? = 0
configure:3296: result: 
configure:3302: checking for suffix of object files
configure:3328: clang -c   conftest.c >&5
configure:3332: $? = 0
configure:3357: result: o
configure:3361: checking whether we are using the GNU C compiler
configure:3390: clang -c   conftest.c >&5
configure:3397: $? = 0
configure:3414: result: yes
configure:3423: checking whether clang accepts -g
configure:3453: clang -c -g  conftest.c >&5
configure:3460: $? = 0
configure:3561: result: yes
configure:3578: checking for clang option to accept ISO C89
configure:3652: clang  -c   conftest.c >&5
configure:3659: $? = 0
configure:3682: result: none needed
configure:3711: checking for style of include used by make
configure:3739: result: GNU
configure:3764: checking dependency style of clang
configure:3874: result: none
configure:3903: checking dependency style of clang
configure:4011: result: none
configure:4027: checking whether clang and cc understand -c and -o together
configure:4062: clang -c conftest.c -o conftest2.o >&5
configure:4066: $? = 0
configure:4072: clang -c conftest.c -o conftest2.o >&5
configure:4076: $? = 0
configure:4087: cc -c conftest.c >&5
configure:4091: $? = 0
configure:4099: cc -c conftest.c -o conftest2.o >&5
configure:4103: $? = 0
configure:4109: cc -c conftest.c -o conftest2.o >&5
configure:4113: $? = 0
configure:4131: result: yes
configure:4183: checking for a sed that does not truncate output
configure:4249: result: /usr/bin/sed
configure:4267: checking for grep that handles long lines and -e
configure:4327: result: /usr/bin/grep
configure:4332: checking for egrep
configure:4396: result: /usr/bin/grep -E
configure:4401: checking for fgrep
configure:4465: result: /usr/bin/grep -F
configure:4500: checking for ld used by clang
configure:4567: result: ld
configure:4576: checking if the linker (ld) is GNU ld
configure:4591: result: no
configure:4603: checking for BSD- or MS-compatible name lister (nm)
configure:4652: result: /usr/bin/nm
configure:4770: checking the name lister (/usr/bin/nm) interface
configure:4777: clang -c   conftest.c >&5
configure:4780: /usr/bin/nm "conftest.o"
configure:4783: output
0000000000000000 S _some_variable
configure:4790: result: BSD nm
configure:4793: checking whether ln -s works
configure:4797: result: yes
configure:4805: checking the maximum length of command line arguments
configure:4925: result: 196608
configure:4942: checking whether the shell understands some XSI constructs
configure:4952: result: yes
configure:4956: checking whether the shell understands "+="
configure:4962: result: yes
configure:4997: checking for ld option to reload object files
configure:5004: result: -r
configure:5073: checking for objdump
configure:5103: result: no
configure:5132: checking how to recognize dependent libraries
configure:5328: result: pass_all
configure:5388: checking for ar
configure:5404: found /usr/bin/ar
configure:5415: result: ar
configure:5493: checking for strip
configure:5509: found /usr/bin/strip
configure:5520: result: strip
configure:5592: checking for ranlib
configure:5608: found /usr/bin/ranlib
configure:5619: result: ranlib
configure:5709: checking command to parse /usr/bin/nm output from clang object
configure:5827: clang -c   conftest.c >&5
configure:5830: $? = 0
configure:5834: /usr/bin/nm conftest.o \| sed -n -e 's/^.*[	 ]\([BCDEGRST][BCDEGRST]*\)[	 ][	 ]*\([_A-Za-z][_A-Za-z0-9]*\)$/\1 \2 \2/p' \> conftest.nm
configure:5837: $? = 0
cannot find nm_test_var in conftest.nm
configure:5827: clang -c   conftest.c >&5
configure:5830: $? = 0
configure:5834: /usr/bin/nm conftest.o \| sed -n -e 's/^.*[	 ]\([BCDEGRST][BCDEGRST]*\)[	 ][	 ]*_\([_A-Za-z][_A-Za-z0-9]*\)$/\1 _\2 \2/p' \> conftest.nm
configure:5837: $? = 0
configure:5891: clang -o conftest    conftest.c conftstm.o >&5
configure:5894: $? = 0
configure:5932: result: ok
configure:6226: checking for dsymutil
configure:6242: found /usr/bin/dsymutil
configure:6253: result: dsymutil
configure:6318: checking for nmedit
configure:6334: found /usr/bin/nmedit
configure:6345: result: nmedit
configure:6410: checking for lipo
configure:6426: found /usr/bin/lipo
configure:6437: result: lipo
configure:6502: checking for otool
configure:6518: found /usr/bin/otool
configure:6529: result: otool
configure:6594: checking for otool64
configure:6624: result: no
configure:6669: checking for -single_module linker flag
clang   -o libconftest.dylib -dynamiclib -Wl,-single_module conftest.c
configure:6696: result: yes
configure:6698: checking for -exported_symbols_list linker flag
configure:6728: clang -o conftest    -Wl,-exported_symbols_list,conftest.sym conftest.c  >&5
configure:6735: $? = 0
configure:6757: result: yes
configure:6799: checking how to run the C preprocessor
configure:6839: clang -E  conftest.c
configure:6846: $? = 0
configure:6877: clang -E  conftest.c
conftest.c:10:10: fatal error: 'ac_nonexistent.h' file not found
#include <ac_nonexistent.h>
         ^
1 error generated.
configure:6884: $? = 1
configure: failed program was:
| /* confdefs.h.  */
| #define PACKAGE_NAME "libffi"
| #define PACKAGE_TARNAME "libffi"
| #define PACKAGE_VERSION "3.0.9"
| #define PACKAGE_STRING "libffi 3.0.9"
| #define PACKAGE_BUGREPORT "http://gcc.gnu.org/bugs.html"
| #define PACKAGE "libffi"
| #define VERSION "3.0.9"
| /* end confdefs.h.  */
| #include <ac_nonexistent.h>
configure:6917: result: clang -E
configure:6946: clang -E  conftest.c
configure:6953: $? = 0
configure:6984: clang -E  conftest.c
conftest.c:10:10: fatal error: 'ac_nonexistent.h' file not found
#include <ac_nonexistent.h>
         ^
1 error generated.
configure:6991: $? = 1
configure: failed program was:
| /* confdefs.h.  */
| #define PACKAGE_NAME "libffi"
| #define PACKAGE_TARNAME "libffi"
| #define PACKAGE_VERSION "3.0.9"
| #define PACKAGE_STRING "libffi 3.0.9"
| #define PACKAGE_BUGREPORT "http://gcc.gnu.org/bugs.html"
| #define PACKAGE "libffi"
| #define VERSION "3.0.9"
| /* end confdefs.h.  */
| #include <ac_nonexistent.h>
configure:7031: checking for ANSI C header files
configure:7061: clang -c   conftest.c >&5
configure:7068: $? = 0
configure:7167: clang -o conftest    conftest.c  >&5
configure:7171: $? = 0
configure:7177: ./conftest
configure:7181: $? = 0
configure:7199: result: yes
configure:7223: checking for sys/types.h
configure:7244: clang -c   conftest.c >&5
configure:7251: $? = 0
configure:7268: result: yes
configure:7223: checking for sys/stat.h
configure:7244: clang -c   conftest.c >&5
configure:7251: $? = 0
configure:7268: result: yes
configure:7223: checking for stdlib.h
configure:7244: clang -c   conftest.c >&5
configure:7251: $? = 0
configure:7268: result: yes
configure:7223: checking for string.h
configure:7244: clang -c   conftest.c >&5
configure:7251: $? = 0
configure:7268: result: yes
configure:7223: checking for memory.h
configure:7244: clang -c   conftest.c >&5
configure:7251: $? = 0
configure:7268: result: yes
configure:7223: checking for strings.h
configure:7244: clang -c   conftest.c >&5
configure:7251: $? = 0
configure:7268: result: yes
configure:7223: checking for inttypes.h
configure:7244: clang -c   conftest.c >&5
configure:7251: $? = 0
configure:7268: result: yes
configure:7223: checking for stdint.h
configure:7244: clang -c   conftest.c >&5
configure:7251: $? = 0
configure:7268: result: yes
configure:7223: checking for unistd.h
configure:7244: clang -c   conftest.c >&5
configure:7251: $? = 0
configure:7268: result: yes
configure:7286: checking for dlfcn.h
configure:7307: clang -c   conftest.c >&5
configure:7314: $? = 0
configure:7331: result: yes
configure:7517: checking for objdir
configure:7532: result: .libs
configure:7824: checking if clang supports -fno-rtti -fno-exceptions
configure:7842: clang -c   -fno-rtti -fno-exceptions conftest.c >&5
configure:7846: $? = 0
configure:7859: result: yes
configure:7879: checking for clang option to produce PIC
configure:8151: result: -fno-common -DPIC
configure:8163: checking if clang PIC flag -fno-common -DPIC works
configure:8181: clang -c   -fno-common -DPIC -DPIC conftest.c >&5
configure:8185: $? = 0
configure:8198: result: yes
configure:8222: checking if clang static flag -static works
configure:8250: result: no
configure:8265: checking if clang supports -c -o file.o
configure:8286: clang -c   -o out/conftest2.o conftest.c >&5
configure:8290: $? = 0
configure:8312: result: yes
configure:8320: checking if clang supports -c -o file.o
configure:8367: result: yes
configure:8400: checking whether the clang linker (ld) supports shared libraries
configure:9474: result: yes
configure:9713: checking dynamic linker characteristics
configure:10399: result: darwin12.4.0 dyld
configure:10501: checking how to hardcode library paths into programs
configure:10526: result: immediate
configure:11359: checking whether stripping libraries is possible
configure:11373: result: yes
configure:11399: checking if libtool supports shared libraries
configure:11401: result: yes
configure:11404: checking whether to build shared libraries
configure:11425: result: yes
configure:11428: checking whether to build static libraries
configure:11432: result: no
configure:11470: checking whether to enable maintainer-specific portions of Makefiles
configure:11479: result: no
configure:11509: checking sys/mman.h usability
configure:11526: clang -c   conftest.c >&5
configure:11533: $? = 0
configure:11547: result: yes
configure:11551: checking sys/mman.h presence
configure:11566: clang -E  conftest.c
configure:11573: $? = 0
configure:11587: result: yes
configure:11620: checking for sys/mman.h
configure:11629: result: yes
configure:11648: checking for mmap
configure:11704: clang -o conftest    conftest.c  >&5
configure:11711: $? = 0
configure:11733: result: yes
configure:11747: checking for sys/mman.h
configure:11752: result: yes
configure:11885: checking for mmap
configure:11968: result: yes
configure:11982: checking whether read-only mmap of a plain file works
configure:11999: result: yes
configure:12001: checking whether mmap from /dev/zero works
configure:12023: result: no
configure:12027: checking for MAP_ANON(YMOUS)
configure:12060: clang -c   conftest.c >&5
configure:12067: $? = 0
configure:12082: result: yes
configure:12088: checking whether mmap with MAP_ANON(YMOUS) works
configure:12105: result: yes
configure:12484: checking for ANSI C header files
configure:12652: result: yes
configure:12666: checking for memcpy
configure:12722: clang -o conftest    conftest.c  >&5
conftest.c:50:6: warning: incompatible redeclaration of library function 'memcpy'
char memcpy ();
     ^
conftest.c:50:6: note: 'memcpy' is a builtin with type 'void *(void *, const void *, unsigned long)'
1 warning generated.
configure:12729: $? = 0
configure:12751: result: yes
configure:12765: checking for working alloca.h
configure:12792: clang -o conftest    conftest.c  >&5
configure:12799: $? = 0
configure:12819: result: yes
configure:12829: checking for alloca
configure:12876: clang -o conftest    conftest.c  >&5
configure:12883: $? = 0
configure:12903: result: yes
configure:13145: checking size of double
configure:13450: clang -o conftest    conftest.c  >&5
configure:13454: $? = 0
configure:13460: ./conftest
configure:13464: $? = 0
configure:13490: result: 8
configure:13504: checking size of long double
configure:13809: clang -o conftest    conftest.c  >&5
configure:13813: $? = 0
configure:13819: ./conftest
configure:13823: $? = 0
configure:13849: result: 16
configure:13877: checking whether byte ordering is bigendian
configure:13902: clang -c   conftest.c >&5
configure:13909: $? = 0
configure:13959: clang -c   conftest.c >&5
configure:13966: $? = 0
configure:13998: clang -c   conftest.c >&5
conftest.c:40:4: error: use of undeclared identifier 'not'
                 not big endian
                 ^
1 error generated.
configure:14005: $? = 1
configure: failed program was:
| /* confdefs.h.  */
| #define PACKAGE_NAME "libffi"
| #define PACKAGE_TARNAME "libffi"
| #define PACKAGE_VERSION "3.0.9"
| #define PACKAGE_STRING "libffi 3.0.9"
| #define PACKAGE_BUGREPORT "http://gcc.gnu.org/bugs.html"
| #define PACKAGE "libffi"
| #define VERSION "3.0.9"
| #define STDC_HEADERS 1
| #define HAVE_SYS_TYPES_H 1
| #define HAVE_SYS_STAT_H 1
| #define HAVE_STDLIB_H 1
| #define HAVE_STRING_H 1
| #define HAVE_MEMORY_H 1
| #define HAVE_STRINGS_H 1
| #define HAVE_INTTYPES_H 1
| #define HAVE_STDINT_H 1
| #define HAVE_UNISTD_H 1
| #define HAVE_DLFCN_H 1
| #define LT_OBJDIR ".libs/"
| #define HAVE_SYS_MMAN_H 1
| #define HAVE_MMAP 1
| #define HAVE_MMAP_FILE 1
| #define HAVE_MMAP_ANON 1
| #define STDC_HEADERS 1
| #define HAVE_MEMCPY 1
| #define HAVE_ALLOCA_H 1
| #define HAVE_ALLOCA 1
| #define SIZEOF_DOUBLE 8
| #define SIZEOF_LONG_DOUBLE 16
| #define HAVE_LONG_DOUBLE 1
| /* end confdefs.h.  */
| #include <sys/types.h>
| 		#include <sys/param.h>
| 
| int
| main ()
| {
| #if BYTE_ORDER != BIG_ENDIAN
| 		 not big endian
| 		#endif
| 
|   ;
|   return 0;
| }
configure:14257: result: no
configure:14283: checking assembler .cfi pseudo-op support
configure:14311: clang -c   conftest.c >&5
configure:14318: $? = 0
configure:14334: result: yes
configure:14513: checking whether .eh_frame section should be read-only
configure:14532: result: no
configure:14553: checking for __attribute__((visibility("hidden")))
configure:14562: clang -Werror -S conftest.c -o conftest.s 1>&5
configure:14565: $? = 0
configure:14574: result: no
configure:15001: creating ./config.status

## ---------------------- ##
## Running config.status. ##
## ---------------------- ##

This file was extended by libffi config.status 3.0.9, which was
generated by GNU Autoconf 2.63.  Invocation command line was

  CONFIG_FILES    = 
  CONFIG_HEADERS  = 
  CONFIG_LINKS    = 
  CONFIG_COMMANDS = 
  $ ./config.status 

on Chriss-MacBook-Air.local

config.status:1081: creating include/Makefile
config.status:1081: creating include/ffi.h
config.status:1081: creating Makefile
config.status:1081: creating testsuite/Makefile
config.status:1081: creating man/Makefile
config.status:1081: creating libffi.pc
config.status:1081: creating fficonfig.h
config.status:1367: linking src/x86/ffitarget.h to include/ffitarget.h
config.status:1390: executing depfiles commands
config.status:1390: executing libtool commands
config.status:1390: executing include commands
config.status:1390: executing src commands

## ---------------- ##
## Cache variables. ##
## ---------------- ##

ac_cv_build=x86_64-apple-darwin12.4.0
ac_cv_c_bigendian=no
ac_cv_c_compiler_gnu=yes
ac_cv_decl_map_anon=yes
ac_cv_env_CCASFLAGS_set=
ac_cv_env_CCASFLAGS_value=
ac_cv_env_CCAS_set=
ac_cv_env_CCAS_value=
ac_cv_env_CPPFLAGS_set=
ac_cv_env_CPPFLAGS_value=
ac_cv_env_CPP_set=
ac_cv_env_CPP_value=
ac_cv_env_build_alias_set=
ac_cv_env_build_alias_value=
ac_cv_env_host_alias_set=set
ac_cv_env_host_alias_value=
ac_cv_env_target_alias_set=
ac_cv_env_target_alias_value=
ac_cv_func_alloca_works=yes
ac_cv_func_memcpy=yes
ac_cv_func_mmap=yes
ac_cv_func_mmap_anon=yes
ac_cv_func_mmap_dev_zero=no
ac_cv_func_mmap_file=yes
ac_cv_header_dlfcn_h=yes
ac_cv_header_inttypes_h=yes
ac_cv_header_memory_h=yes
ac_cv_header_stdc=yes
ac_cv_header_stdint_h=yes
ac_cv_header_stdlib_h=yes
ac_cv_header_string_h=yes
ac_cv_header_strings_h=yes
ac_cv_header_sys_mman_h=yes
ac_cv_header_sys_stat_h=yes
ac_cv_header_sys_types_h=yes
ac_cv_header_unistd_h=yes
ac_cv_host=x86_64-apple-darwin12.4.0
ac_cv_objext=o
ac_cv_path_EGREP='/usr/bin/grep -E'
ac_cv_path_FGREP='/usr/bin/grep -F'
ac_cv_path_GREP=/usr/bin/grep
ac_cv_path_SED=/usr/bin/sed
ac_cv_path_install='/usr/bin/install -c'
ac_cv_prog_AWK=awk
ac_cv_prog_CPP='clang -E'
ac_cv_prog_ac_ct_AR=ar
ac_cv_prog_ac_ct_CC=clang
ac_cv_prog_ac_ct_DSYMUTIL=dsymutil
ac_cv_prog_ac_ct_LIPO=lipo
ac_cv_prog_ac_ct_NMEDIT=nmedit
ac_cv_prog_ac_ct_OTOOL=otool
ac_cv_prog_ac_ct_RANLIB=ranlib
ac_cv_prog_ac_ct_STRIP=strip
ac_cv_prog_cc_c89=
ac_cv_prog_cc_clang_c_o=yes
ac_cv_prog_cc_g=yes
ac_cv_prog_make_make_set=yes
ac_cv_sizeof_double=8
ac_cv_sizeof_long_double=16
ac_cv_target=x86_64-apple-darwin12.4.0
ac_cv_working_alloca_h=yes
am_cv_CCAS_dependencies_compiler_type=none
am_cv_CC_dependencies_compiler_type=none
libffi_cv_as_cfi_pseudo_op=yes
libffi_cv_hidden_visibility_attribute=no
libffi_cv_ro_eh_frame=no
lt_cv_apple_cc_single_mod=yes
lt_cv_deplibs_check_method=pass_all
lt_cv_file_magic_cmd='$MAGIC_CMD'
lt_cv_file_magic_test_file=
lt_cv_ld_exported_symbols_list=yes
lt_cv_ld_reload_flag=-r
lt_cv_nm_interface='BSD nm'
lt_cv_objdir=.libs
lt_cv_path_LD=ld
lt_cv_path_NM=/usr/bin/nm
lt_cv_prog_compiler_c_o=yes
lt_cv_prog_compiler_pic_works=yes
lt_cv_prog_compiler_rtti_exceptions=yes
lt_cv_prog_compiler_static_works=no
lt_cv_prog_gnu_ld=no
lt_cv_sys_global_symbol_pipe='sed -n -e '\''s/^.*[	 ]\([BCDEGRST][BCDEGRST]*\)[	 ][	 ]*_\([_A-Za-z][_A-Za-z0-9]*\)$/\1 _\2 \2/p'\'''
lt_cv_sys_global_symbol_to_c_name_address='sed -n -e '\''s/^: \([^ ]*\) $/  {\"\1\", (void *) 0},/p'\'' -e '\''s/^[BCDEGRST]* \([^ ]*\) \([^ ]*\)$/  {"\2", (void *) \&\2},/p'\'''
lt_cv_sys_global_symbol_to_c_name_address_lib_prefix='sed -n -e '\''s/^: \([^ ]*\) $/  {\"\1\", (void *) 0},/p'\'' -e '\''s/^[BCDEGRST]* \([^ ]*\) \(lib[^ ]*\)$/  {"\2", (void *) \&\2},/p'\'' -e '\''s/^[BCDEGRST]* \([^ ]*\) \([^ ]*\)$/  {"lib\2", (void *) \&\2},/p'\'''
lt_cv_sys_global_symbol_to_cdecl='sed -n -e '\''s/^T .* \(.*\)$/extern int \1();/p'\'' -e '\''s/^[BCDEGRST]* .* \(.*\)$/extern char \1;/p'\'''
lt_cv_sys_max_cmd_len=196608

## ----------------- ##
## Output variables. ##
## ----------------- ##

ACLOCAL='${SHELL} /Users/cderose/Documents/development/coinpost.com/rails/ruby/1.9.1/gems/ffi-1.0.11/ext/ffi_c/libffi/missing --run aclocal-1.11'
ALLOCA=''
ALPHA_FALSE=''
ALPHA_TRUE='#'
AMDEPBACKSLASH=''
AMDEP_FALSE=''
AMDEP_TRUE='#'
AMTAR='${SHELL} /Users/cderose/Documents/development/coinpost.com/rails/ruby/1.9.1/gems/ffi-1.0.11/ext/ffi_c/libffi/missing --run tar'
AM_LTLDFLAGS=''
AM_RUNTESTFLAGS=''
AR='ar'
ARM_FALSE=''
ARM_TRUE='#'
AUTOCONF='${SHELL} /Users/cderose/Documents/development/coinpost.com/rails/ruby/1.9.1/gems/ffi-1.0.11/ext/ffi_c/libffi/missing --run autoconf'
AUTOHEADER='${SHELL} /Users/cderose/Documents/development/coinpost.com/rails/ruby/1.9.1/gems/ffi-1.0.11/ext/ffi_c/libffi/missing --run autoheader'
AUTOMAKE='${SHELL} /Users/cderose/Documents/development/coinpost.com/rails/ruby/1.9.1/gems/ffi-1.0.11/ext/ffi_c/libffi/missing --run automake-1.11'
AVR32_FALSE=''
AVR32_TRUE='#'
AWK='awk'
CC='clang'
CCAS='clang'
CCASDEPMODE='depmode=none'
CCASFLAGS=''
CCDEPMODE='depmode=none'
CFLAGS=''
CPP='clang -E'
CPPFLAGS=''
CYGPATH_W='echo'
DEFS='-DHAVE_CONFIG_H'
DEPDIR='.deps'
DSYMUTIL='dsymutil'
DUMPBIN=''
ECHO_C='\c'
ECHO_N=''
ECHO_T=''
EGREP='/usr/bin/grep -E'
EXEEXT=''
FGREP='/usr/bin/grep -F'
FRV_FALSE=''
FRV_TRUE='#'
GREP='/usr/bin/grep'
HAVE_LONG_DOUBLE='1'
IA64_FALSE=''
IA64_TRUE='#'
INSTALL_DATA='${INSTALL} -m 644'
INSTALL_PROGRAM='${INSTALL}'
INSTALL_SCRIPT='${INSTALL}'
INSTALL_STRIP_PROGRAM='$(install_sh) -c -s'
LD='ld'
LDFLAGS=''
LIBFFI_CRIS_FALSE=''
LIBFFI_CRIS_TRUE='#'
LIBOBJS=''
LIBS=''
LIBTOOL='$(SHELL) $(top_builddir)/libtool'
LIPO='lipo'
LN_S='ln -s'
LTLIBOBJS=''
M32R_FALSE=''
M32R_TRUE='#'
M68K_FALSE=''
M68K_TRUE='#'
MAINT='#'
MAINTAINER_MODE_FALSE=''
MAINTAINER_MODE_TRUE='#'
MAKEINFO='${SHELL} /Users/cderose/Documents/development/coinpost.com/rails/ruby/1.9.1/gems/ffi-1.0.11/ext/ffi_c/libffi/missing --run makeinfo'
MIPS_FALSE=''
MIPS_TRUE='#'
MKDIR_P='./install-sh -c -d'
NM='/usr/bin/nm'
NMEDIT='nmedit'
OBJDUMP='false'
OBJEXT='o'
OTOOL64=':'
OTOOL='otool'
PA64_HPUX_FALSE=''
PA64_HPUX_TRUE='#'
PACKAGE='libffi'
PACKAGE_BUGREPORT='http://gcc.gnu.org/bugs.html'
PACKAGE_NAME='libffi'
PACKAGE_STRING='libffi 3.0.9'
PACKAGE_TARNAME='libffi'
PACKAGE_VERSION='3.0.9'
PATH_SEPARATOR=':'
PA_HPUX_FALSE=''
PA_HPUX_TRUE='#'
PA_LINUX_FALSE=''
PA_LINUX_TRUE='#'
POWERPC_AIX_FALSE=''
POWERPC_AIX_TRUE='#'
POWERPC_DARWIN_FALSE=''
POWERPC_DARWIN_TRUE='#'
POWERPC_FALSE=''
POWERPC_FREEBSD_FALSE=''
POWERPC_FREEBSD_TRUE='#'
POWERPC_TRUE='#'
RANLIB='ranlib'
S390_FALSE=''
S390_TRUE='#'
SED='/usr/bin/sed'
SET_MAKE=''
SH64_FALSE=''
SH64_TRUE='#'
SHELL='/bin/sh'
SH_FALSE=''
SH_TRUE='#'
SPARC_FALSE=''
SPARC_TRUE='#'
STRIP='strip'
TARGET='X86_DARWIN'
TARGETDIR='x86'
TESTSUBDIR_FALSE='#'
TESTSUBDIR_TRUE=''
VERSION='3.0.9'
X86_64_FALSE=''
X86_64_TRUE='#'
X86_DARWIN_FALSE='#'
X86_DARWIN_TRUE=''
X86_FALSE=''
X86_FREEBSD_FALSE=''
X86_FREEBSD_TRUE='#'
X86_TRUE='#'
X86_WIN32_FALSE=''
X86_WIN32_TRUE='#'
X86_WIN64_FALSE=''
X86_WIN64_TRUE='#'
ac_ct_CC='clang'
ac_ct_DUMPBIN=''
am__EXEEXT_FALSE=''
am__EXEEXT_TRUE='#'
am__fastdepCCAS_FALSE=''
am__fastdepCCAS_TRUE='#'
am__fastdepCC_FALSE=''
am__fastdepCC_TRUE='#'
am__include='include'
am__isrc=''
am__leading_dot='.'
am__quote=''
am__tar='${AMTAR} chof - "$$tardir"'
am__untar='${AMTAR} xf -'
bindir='${exec_prefix}/bin'
build='x86_64-apple-darwin12.4.0'
build_alias=''
build_cpu='x86_64'
build_os='darwin12.4.0'
build_vendor='apple'
datadir='${datarootdir}'
datarootdir='${prefix}/share'
docdir='${datarootdir}/doc/${PACKAGE_TARNAME}'
dvidir='${docdir}'
exec_prefix='${prefix}'
host='x86_64-apple-darwin12.4.0'
host_alias=''
host_cpu='x86_64'
host_os='darwin12.4.0'
host_vendor='apple'
htmldir='${docdir}'
includedir='${prefix}/include'
infodir='${datarootdir}/info'
install_sh='${SHELL} /Users/cderose/Documents/development/coinpost.com/rails/ruby/1.9.1/gems/ffi-1.0.11/ext/ffi_c/libffi/install-sh'
libdir='${exec_prefix}/lib'
libexecdir='${exec_prefix}/libexec'
localedir='${datarootdir}/locale'
localstatedir='${prefix}/var'
lt_ECHO='/bin/echo'
mandir='${datarootdir}/man'
mkdir_p='$(top_builddir)/./install-sh -c -d'
oldincludedir='/usr/include'
pdfdir='${docdir}'
prefix='/usr/local'
program_transform_name='s,x,x,'
psdir='${docdir}'
sbindir='${exec_prefix}/sbin'
sharedstatedir='${prefix}/com'
sysconfdir='${prefix}/etc'
target='x86_64-apple-darwin12.4.0'
target_alias=''
target_cpu='x86_64'
target_os='darwin12.4.0'
target_vendor='apple'
toolexecdir='$(libdir)/gcc-lib/$(target_alias)'
toolexeclibdir='$(libdir)/x86_64'

## ----------- ##
## confdefs.h. ##
## ----------- ##

#define PACKAGE_NAME "libffi"
#define PACKAGE_TARNAME "libffi"
#define PACKAGE_VERSION "3.0.9"
#define PACKAGE_STRING "libffi 3.0.9"
#define PACKAGE_BUGREPORT "http://gcc.gnu.org/bugs.html"
#define PACKAGE "libffi"
#define VERSION "3.0.9"
#define STDC_HEADERS 1
#define HAVE_SYS_TYPES_H 1
#define HAVE_SYS_STAT_H 1
#define HAVE_STDLIB_H 1
#define HAVE_STRING_H 1
#define HAVE_MEMORY_H 1
#define HAVE_STRINGS_H 1
#define HAVE_INTTYPES_H 1
#define HAVE_STDINT_H 1
#define HAVE_UNISTD_H 1
#define HAVE_DLFCN_H 1
#define LT_OBJDIR ".libs/"
#define HAVE_SYS_MMAN_H 1
#define HAVE_MMAP 1
#define HAVE_MMAP_FILE 1
#define HAVE_MMAP_ANON 1
#define STDC_HEADERS 1
#define HAVE_MEMCPY 1
#define HAVE_ALLOCA_H 1
#define HAVE_ALLOCA 1
#define SIZEOF_DOUBLE 8
#define SIZEOF_LONG_DOUBLE 16
#define HAVE_LONG_DOUBLE 1
#define HAVE_AS_CFI_PSEUDO_OP 1
#define EH_FRAME_FLAGS "aw"

configure: exit 0
